[35m[Appium][39m Welcome to Appium v1.22.3
[35m[Appium][39m Non-default server args:
[35m[Appium][39m   port: 50915
[35m[Appium][39m   loglevel: info
[35m[Appium][39m   tmpDir: C:\Users\admin\AppData\Local\Temp\\Katalon\Appium\Temp1710903032856
[35m[Appium][39m Appium REST http interface listener started on 0.0.0.0:50915
[35m[HTTP][39m [37m-->[39m [37mGET[39m [37m/wd/hub/status[39m
[35m[HTTP][39m [90m{}[39m
[35m[HTTP][39m [37m<-- GET /wd/hub/status [39m[32m200[39m [90m9 ms - 68[39m
[35m[HTTP][39m [90m[39m
[35m[HTTP][39m [37m-->[39m [37mGET[39m [37m/wd/hub/status[39m
[35m[HTTP][39m [90m{}[39m
[35m[HTTP][39m [37m<-- GET /wd/hub/status [39m[32m200[39m [90m2 ms - 68[39m
[35m[HTTP][39m [90m[39m
[35m[HTTP][39m [37m-->[39m [37mPOST[39m [37m/wd/hub/session[39m
[35m[HTTP][39m [90m{"desiredCapabilities":{"appActivity":".Settings","appPackage":"com.android.settings","newCommandTimeout":1800,"platformVersion":"12","automationName":"uiautomator2","autoGrantPermissions":true,"platformName":"Android","udid":"ZHX8GMBYW4TSVG8L","deviceName":"vivo vivo 2019 (Android 12)","systemPort":8275},"capabilities":{"firstMatch":[{"appium:appActivity":".Settings","appium:appPackage":"com.android.settings","appium:autoGrantPermissions":true,"appium:automationName":"uiautomator2","appium:deviceName":"vivo vivo 2019 (Android 12)","appium:newCommandTimeout":1800,"platformName":"android","appium:platformVersion":"12","appium:systemPort":8275,"appium:udid":"ZHX8GMBYW4TSVG8L"}]}}[39m
[35m[Appium][39m Appium v1.22.3 creating new AndroidUiautomator2Driver (v1.70.1) session
[35m[BaseDriver][39m Session created with session id: 572aad82-0c12-4979-8a85-08b25b32a279
[35m[UiAutomator2][39m Starting 'com.android.settings' directly on the device
[35m[ADB][39m Found 2 'build-tools' folders under 'C:\Users\admin\AppData\Local\Android\Sdk' (newest first):
[35m[ADB][39m     C:/Users/admin/AppData/Local/Android/Sdk/build-tools/34.0.0
[35m[ADB][39m     C:/Users/admin/AppData/Local/Android/Sdk/build-tools/33.0.1
[35m[ADB][39m Using 'adb.exe' from 'C:\Users\admin\AppData\Local\Android\Sdk\platform-tools\adb.exe'
[35m[AndroidDriver][39m Retrieving device list
[35m[AndroidDriver][39m Using device: ZHX8GMBYW4TSVG8L
[35m[ADB][39m Using 'adb.exe' from 'C:\Users\admin\AppData\Local\Android\Sdk\platform-tools\adb.exe'
[35m[ADB][39m Getting device platform version
[35m[UiAutomator2][39m Relaxing hidden api policy
[35m[AndroidDriver][39m No app sent in, not parsing package/activity
[35m[ADB][39m Using 'apksigner.jar' from 'C:\Users\admin\AppData\Local\Android\Sdk\build-tools\34.0.0\lib\apksigner.jar'
[35m[ADB][39m 'C:\Users\admin\AppData\Roaming\npm\node_modules\appium\node_modules\appium-uiautomator2-server\apks\appium-uiautomator2-server-v4.27.0.apk' is signed with the default certificate
[35m[ADB][39m 'C:\Users\admin\AppData\Roaming\npm\node_modules\appium\node_modules\appium-uiautomator2-server\apks\appium-uiautomator2-server-debug-androidTest.apk' is signed with the default certificate
[35m[UiAutomator2][39m Server packages are not going to be (re)installed
[35m[ADB][39m Adding packages ["io.appium.settings","io.appium.uiautomator2.server","io.appium.uiautomator2.server.test"] to Doze whitelist
[35m[UiAutomator2][39m Starting UIAutomator2 server 4.27.0
[35m[UiAutomator2][39m Using UIAutomator2 server from 'C:\Users\admin\AppData\Roaming\npm\node_modules\appium\node_modules\appium-uiautomator2-server\apks\appium-uiautomator2-server-v4.27.0.apk' and test from 'C:\Users\admin\AppData\Roaming\npm\node_modules\appium\node_modules\appium-uiautomator2-server\apks\appium-uiautomator2-server-debug-androidTest.apk'
[35m[UiAutomator2][39m Waiting up to 30000ms for UiAutomator2 to be online...
[35m[WD Proxy][39m socket hang up
[35m[WD Proxy][39m socket hang up
[35m[WD Proxy][39m socket hang up
[35m[WD Proxy][39m socket hang up
[35m[WD Proxy][39m socket hang up
[35m[WD Proxy][39m socket hang up
[35m[WD Proxy][39m socket hang up
[35m[WD Proxy][39m socket hang up
[35m[WD Proxy][39m socket hang up
[35m[WD Proxy][39m socket hang up
[35m[WD Proxy][39m Determined the downstream protocol as 'W3C'
[35m[AndroidDriver][39m Screen already unlocked, doing nothing
[35m[UiAutomator2][39m Starting 'com.android.settings/.Settings and waiting for 'com.android.settings/.Settings'
[35m[Appium][39m New AndroidUiautomator2Driver session created successfully, session 572aad82-0c12-4979-8a85-08b25b32a279 added to master session list
[35m[HTTP][39m [37m<-- POST /wd/hub/session [39m[32m200[39m [90m21996 ms - 1095[39m
[35m[HTTP][39m [90m[39m
[35m[HTTP][39m [37m-->[39m [37mGET[39m [37m/wd/hub/session/572aad82-0c12-4979-8a85-08b25b32a279[39m
[35m[HTTP][39m [90m{}[39m
[35m[HTTP][39m [37m<-- GET /wd/hub/session/572aad82-0c12-4979-8a85-08b25b32a279 [39m[32m200[39m [90m36 ms - 1049[39m
[35m[HTTP][39m [90m[39m
[35m[HTTP][39m [37m-->[39m [37mGET[39m [37m/wd/hub/session/572aad82-0c12-4979-8a85-08b25b32a279[39m
[35m[HTTP][39m [90m{}[39m
[35m[HTTP][39m [37m<-- GET /wd/hub/session/572aad82-0c12-4979-8a85-08b25b32a279 [39m[32m200[39m [90m33 ms - 1049[39m
[35m[HTTP][39m [90m[39m
[35m[HTTP][39m [37m-->[39m [37mGET[39m [37m/wd/hub/status[39m
[35m[HTTP][39m [90m{}[39m
[35m[HTTP][39m [37m<-- GET /wd/hub/status [39m[32m200[39m [90m1 ms - 68[39m
[35m[HTTP][39m [90m[39m
[35m[HTTP][39m [37m-->[39m [37mPOST[39m [37m/wd/hub/session/572aad82-0c12-4979-8a85-08b25b32a279/timeouts[39m
[35m[HTTP][39m [90m{"implicit":60000}[39m
[35m[HTTP][39m [37m<-- POST /wd/hub/session/572aad82-0c12-4979-8a85-08b25b32a279/timeouts [39m[32m200[39m [90m4 ms - 14[39m
[35m[HTTP][39m [90m[39m
[35m[HTTP][39m [37m-->[39m [37mGET[39m [37m/wd/hub/session/572aad82-0c12-4979-8a85-08b25b32a279/appium/device/system_bars[39m
[35m[HTTP][39m [90m{}[39m
[35m[HTTP][39m [37m<-- GET /wd/hub/session/572aad82-0c12-4979-8a85-08b25b32a279/appium/device/system_bars [39m[31m500[39m [90m320 ms - 647[39m
[35m[HTTP][39m [90m[39m
[35m[HTTP][39m [37m-->[39m [37mPOST[39m [37m/wd/hub/session/572aad82-0c12-4979-8a85-08b25b32a279/execute/sync[39m
[35m[HTTP][39m [90m{"script":"mobile:viewportRect","args":[]}[39m
[35m[AndroidDriver][39m Executing native command 'mobile:viewportRect'
[35m[HTTP][39m [37m<-- POST /wd/hub/session/572aad82-0c12-4979-8a85-08b25b32a279/execute/sync [39m[32m200[39m [90m42 ms - 55[39m
[35m[HTTP][39m [90m[39m
[35m[HTTP][39m [37m-->[39m [37mPOST[39m [37m/wd/hub/session/572aad82-0c12-4979-8a85-08b25b32a279/appium/device/activate_app[39m
[35m[HTTP][39m [90m{"bundleId":"com.ezc_frontend"}[39m
[35m[HTTP][39m [37m<-- POST /wd/hub/session/572aad82-0c12-4979-8a85-08b25b32a279/appium/device/activate_app [39m[32m200[39m [90m5198 ms - 14[39m
[35m[HTTP][39m [90m[39m
[35m[HTTP][39m [37m-->[39m [37mGET[39m [37m/wd/hub/session/572aad82-0c12-4979-8a85-08b25b32a279/source[39m
[35m[HTTP][39m [90m{}[39m
[35m[W3C (572aad82)][39m Driver proxy active, passing request on via HTTP proxy
[35m[WD Proxy][39m Replacing sessionId d6ca294e-368e-486a-a98c-8a17d5cf51b3 with 572aad82-0c12-4979-8a85-08b25b32a279
[35m[HTTP][39m [37m<-- GET /wd/hub/session/572aad82-0c12-4979-8a85-08b25b32a279/source [39m[32m200[39m [90m2587 ms - 2741[39m
[35m[HTTP][39m [90m[39m
[35m[HTTP][39m [37m-->[39m [37mGET[39m [37m/wd/hub/session/572aad82-0c12-4979-8a85-08b25b32a279/screenshot[39m
[35m[HTTP][39m [90m{}[39m
[35m[HTTP][39m [37m<-- GET /wd/hub/session/572aad82-0c12-4979-8a85-08b25b32a279/screenshot [39m[32m200[39m [90m3744 ms - 129814[39m
[35m[HTTP][39m [90m[39m
[35m[HTTP][39m [37m-->[39m [37mGET[39m [37m/wd/hub/session/572aad82-0c12-4979-8a85-08b25b32a279/source[39m
[35m[HTTP][39m [90m{}[39m
[35m[W3C (572aad82)][39m Driver proxy active, passing request on via HTTP proxy
[35m[WD Proxy][39m Replacing sessionId d6ca294e-368e-486a-a98c-8a17d5cf51b3 with 572aad82-0c12-4979-8a85-08b25b32a279
[35m[HTTP][39m [37m<-- GET /wd/hub/session/572aad82-0c12-4979-8a85-08b25b32a279/source [39m[32m200[39m [90m433 ms - 8683[39m
[35m[HTTP][39m [90m[39m
[35m[HTTP][39m [37m-->[39m [37mGET[39m [37m/wd/hub/session/572aad82-0c12-4979-8a85-08b25b32a279/screenshot[39m
[35m[HTTP][39m [90m{}[39m
[35m[HTTP][39m [37m<-- GET /wd/hub/session/572aad82-0c12-4979-8a85-08b25b32a279/screenshot [39m[32m200[39m [90m1677 ms - 163600[39m
[35m[HTTP][39m [90m[39m
[35m[HTTP][39m [37m-->[39m [37mPOST[39m [37m/wd/hub/session/572aad82-0c12-4979-8a85-08b25b32a279/elements[39m
[35m[HTTP][39m [90m{"using":"xpath","value":"//*[@class = 'android.view.View' and (@text = '' or . = '')]"}[39m
[35m[HTTP][39m [37m<-- POST /wd/hub/session/572aad82-0c12-4979-8a85-08b25b32a279/elements [39m[32m200[39m [90m2902 ms - 139[39m
[35m[HTTP][39m [90m[39m
[35m[HTTP][39m [37m-->[39m [37mGET[39m [37m/wd/hub/session/572aad82-0c12-4979-8a85-08b25b32a279/window/rect[39m
[35m[HTTP][39m [90m{}[39m
[35m[HTTP][39m [37m<-- GET /wd/hub/session/572aad82-0c12-4979-8a85-08b25b32a279/window/rect [39m[32m200[39m [90m38 ms - 49[39m
[35m[HTTP][39m [90m[39m
[35m[HTTP][39m [37m-->[39m [37mPOST[39m [37m/wd/hub/session/572aad82-0c12-4979-8a85-08b25b32a279/elements[39m
[35m[HTTP][39m [90m{"using":"xpath","value":"//*[@class = 'android.view.View' and (@text = '' or . = '')]"}[39m
[35m[HTTP][39m [37m<-- POST /wd/hub/session/572aad82-0c12-4979-8a85-08b25b32a279/elements [39m[32m200[39m [90m956 ms - 139[39m
[35m[HTTP][39m [90m[39m
[35m[HTTP][39m [37m-->[39m [37mGET[39m [37m/wd/hub/session/572aad82-0c12-4979-8a85-08b25b32a279/element/00000000-0000-0019-ffff-ffff0000001b/location[39m
[35m[HTTP][39m [90m{}[39m
[35m[W3C (572aad82)][39m Driver proxy active, passing request on via HTTP proxy
[35m[WD Proxy][39m Replacing sessionId d6ca294e-368e-486a-a98c-8a17d5cf51b3 with 572aad82-0c12-4979-8a85-08b25b32a279
[35m[HTTP][39m [37m<-- GET /wd/hub/session/572aad82-0c12-4979-8a85-08b25b32a279/element/00000000-0000-0019-ffff-ffff0000001b/location [39m[32m200[39m [90m56 ms - 78[39m
[35m[HTTP][39m [90m[39m
[35m[HTTP][39m [37m-->[39m [37mPOST[39m [37m/wd/hub/session/572aad82-0c12-4979-8a85-08b25b32a279/element/00000000-0000-0019-ffff-ffff0000001b/click[39m
[35m[HTTP][39m [90m{"id":"00000000-0000-0019-ffff-ffff0000001b"}[39m
[35m[HTTP][39m [37m<-- POST /wd/hub/session/572aad82-0c12-4979-8a85-08b25b32a279/element/00000000-0000-0019-ffff-ffff0000001b/click [39m[32m200[39m [90m107 ms - 14[39m
[35m[HTTP][39m [90m[39m
[35m[HTTP][39m [37m-->[39m [37mGET[39m [37m/wd/hub/session/572aad82-0c12-4979-8a85-08b25b32a279/source[39m
[35m[HTTP][39m [90m{}[39m
[35m[W3C (572aad82)][39m Driver proxy active, passing request on via HTTP proxy
[35m[WD Proxy][39m Replacing sessionId d6ca294e-368e-486a-a98c-8a17d5cf51b3 with 572aad82-0c12-4979-8a85-08b25b32a279
[35m[HTTP][39m [37m<-- GET /wd/hub/session/572aad82-0c12-4979-8a85-08b25b32a279/source [39m[32m200[39m [90m440 ms - 8217[39m
[35m[HTTP][39m [90m[39m
[35m[HTTP][39m [37m-->[39m [37mGET[39m [37m/wd/hub/session/572aad82-0c12-4979-8a85-08b25b32a279/screenshot[39m
[35m[HTTP][39m [90m{}[39m
[35m[HTTP][39m [37m<-- GET /wd/hub/session/572aad82-0c12-4979-8a85-08b25b32a279/screenshot [39m[32m200[39m [90m894 ms - 182464[39m
[35m[HTTP][39m [90m[39m
[35m[HTTP][39m [37m-->[39m [37mGET[39m [37m/wd/hub/session/572aad82-0c12-4979-8a85-08b25b32a279/window/rect[39m
[35m[HTTP][39m [90m{}[39m
[35m[HTTP][39m [37m<-- GET /wd/hub/session/572aad82-0c12-4979-8a85-08b25b32a279/window/rect [39m[32m200[39m [90m29 ms - 49[39m
[35m[HTTP][39m [90m[39m
[35m[HTTP][39m [37m-->[39m [37mPOST[39m [37m/wd/hub/session/572aad82-0c12-4979-8a85-08b25b32a279/elements[39m
[35m[HTTP][39m [90m{"using":"xpath","value":"//*[@class = 'android.view.View' and (@text = '' or . = '')]"}[39m
[35m[HTTP][39m [37m<-- POST /wd/hub/session/572aad82-0c12-4979-8a85-08b25b32a279/elements [39m[32m200[39m [90m493 ms - 139[39m
[35m[HTTP][39m [90m[39m
[35m[HTTP][39m [37m-->[39m [37mGET[39m [37m/wd/hub/session/572aad82-0c12-4979-8a85-08b25b32a279/element/00000000-0000-0019-ffff-ffff00000028/location[39m
[35m[HTTP][39m [90m{}[39m
[35m[W3C (572aad82)][39m Driver proxy active, passing request on via HTTP proxy
[35m[WD Proxy][39m Replacing sessionId d6ca294e-368e-486a-a98c-8a17d5cf51b3 with 572aad82-0c12-4979-8a85-08b25b32a279
[35m[HTTP][39m [37m<-- GET /wd/hub/session/572aad82-0c12-4979-8a85-08b25b32a279/element/00000000-0000-0019-ffff-ffff00000028/location [39m[32m200[39m [90m49 ms - 78[39m
[35m[HTTP][39m [90m[39m
[35m[HTTP][39m [37m-->[39m [37mPOST[39m [37m/wd/hub/session/572aad82-0c12-4979-8a85-08b25b32a279/element/00000000-0000-0019-ffff-ffff00000028/click[39m
[35m[HTTP][39m [90m{"id":"00000000-0000-0019-ffff-ffff00000028"}[39m
[35m[HTTP][39m [37m<-- POST /wd/hub/session/572aad82-0c12-4979-8a85-08b25b32a279/element/00000000-0000-0019-ffff-ffff00000028/click [39m[32m200[39m [90m72 ms - 14[39m
[35m[HTTP][39m [90m[39m
[35m[HTTP][39m [37m-->[39m [37mGET[39m [37m/wd/hub/session/572aad82-0c12-4979-8a85-08b25b32a279/source[39m
[35m[HTTP][39m [90m{}[39m
[35m[W3C (572aad82)][39m Driver proxy active, passing request on via HTTP proxy
[35m[WD Proxy][39m Replacing sessionId d6ca294e-368e-486a-a98c-8a17d5cf51b3 with 572aad82-0c12-4979-8a85-08b25b32a279
[35m[HTTP][39m [37m<-- GET /wd/hub/session/572aad82-0c12-4979-8a85-08b25b32a279/source [39m[32m200[39m [90m1446 ms - 17866[39m
[35m[HTTP][39m [90m[39m
[35m[HTTP][39m [37m-->[39m [37mGET[39m [37m/wd/hub/session/572aad82-0c12-4979-8a85-08b25b32a279/screenshot[39m
[35m[HTTP][39m [90m{}[39m
[35m[HTTP][39m [37m<-- GET /wd/hub/session/572aad82-0c12-4979-8a85-08b25b32a279/screenshot [39m[32m200[39m [90m786 ms - 202596[39m
[35m[HTTP][39m [90m[39m
[35m[HTTP][39m [37m-->[39m [37mPOST[39m [37m/wd/hub/session/572aad82-0c12-4979-8a85-08b25b32a279/elements[39m
[35m[HTTP][39m [90m{"using":"xpath","value":"//*[@class = 'android.widget.TextView' and (@text = 'Register' or . = 'Register')]"}[39m
[35m[HTTP][39m [37m<-- POST /wd/hub/session/572aad82-0c12-4979-8a85-08b25b32a279/elements [39m[32m200[39m [90m1299 ms - 139[39m
[35m[HTTP][39m [90m[39m
[35m[HTTP][39m [37m-->[39m [37mGET[39m [37m/wd/hub/session/572aad82-0c12-4979-8a85-08b25b32a279/window/rect[39m
[35m[HTTP][39m [90m{}[39m
[35m[HTTP][39m [37m<-- GET /wd/hub/session/572aad82-0c12-4979-8a85-08b25b32a279/window/rect [39m[32m200[39m [90m36 ms - 49[39m
[35m[HTTP][39m [90m[39m
[35m[HTTP][39m [37m-->[39m [37mPOST[39m [37m/wd/hub/session/572aad82-0c12-4979-8a85-08b25b32a279/elements[39m
[35m[HTTP][39m [90m{"using":"xpath","value":"//*[@class = 'android.widget.TextView' and (@text = 'Register' or . = 'Register')]"}[39m
[35m[HTTP][39m [37m<-- POST /wd/hub/session/572aad82-0c12-4979-8a85-08b25b32a279/elements [39m[32m200[39m [90m839 ms - 139[39m
[35m[HTTP][39m [90m[39m
[35m[HTTP][39m [37m-->[39m [37mGET[39m [37m/wd/hub/session/572aad82-0c12-4979-8a85-08b25b32a279/element/00000000-0000-0019-ffff-ffff0000003f/location[39m
[35m[HTTP][39m [90m{}[39m
[35m[W3C (572aad82)][39m Driver proxy active, passing request on via HTTP proxy
[35m[WD Proxy][39m Replacing sessionId d6ca294e-368e-486a-a98c-8a17d5cf51b3 with 572aad82-0c12-4979-8a85-08b25b32a279
[35m[HTTP][39m [37m<-- GET /wd/hub/session/572aad82-0c12-4979-8a85-08b25b32a279/element/00000000-0000-0019-ffff-ffff0000003f/location [39m[32m200[39m [90m55 ms - 79[39m
[35m[HTTP][39m [90m[39m
[35m[HTTP][39m [37m-->[39m [37mPOST[39m [37m/wd/hub/session/572aad82-0c12-4979-8a85-08b25b32a279/element/00000000-0000-0019-ffff-ffff0000003f/click[39m
[35m[HTTP][39m [90m{"id":"00000000-0000-0019-ffff-ffff0000003f"}[39m
[35m[HTTP][39m [37m<-- POST /wd/hub/session/572aad82-0c12-4979-8a85-08b25b32a279/element/00000000-0000-0019-ffff-ffff0000003f/click [39m[32m200[39m [90m93 ms - 14[39m
[35m[HTTP][39m [90m[39m
[35m[HTTP][39m [37m-->[39m [37mGET[39m [37m/wd/hub/session/572aad82-0c12-4979-8a85-08b25b32a279/source[39m
[35m[HTTP][39m [90m{}[39m
[35m[W3C (572aad82)][39m Driver proxy active, passing request on via HTTP proxy
[35m[WD Proxy][39m Replacing sessionId d6ca294e-368e-486a-a98c-8a17d5cf51b3 with 572aad82-0c12-4979-8a85-08b25b32a279
[35m[HTTP][39m [37m<-- GET /wd/hub/session/572aad82-0c12-4979-8a85-08b25b32a279/source [39m[32m200[39m [90m935 ms - 17899[39m
[35m[HTTP][39m [90m[39m
[35m[HTTP][39m [37m-->[39m [37mGET[39m [37m/wd/hub/session/572aad82-0c12-4979-8a85-08b25b32a279/screenshot[39m
[35m[HTTP][39m [90m{}[39m
[35m[HTTP][39m [37m<-- GET /wd/hub/session/572aad82-0c12-4979-8a85-08b25b32a279/screenshot [39m[32m200[39m [90m916 ms - 174668[39m
[35m[HTTP][39m [90m[39m
[35m[HTTP][39m [37m-->[39m [37mPOST[39m [37m/wd/hub/session/572aad82-0c12-4979-8a85-08b25b32a279/elements[39m
[35m[HTTP][39m [90m{"using":"xpath","value":"//*[@class = 'android.widget.EditText' and (@text = 'Enter your email' or . = 'Enter your email')]"}[39m
[35m[HTTP][39m [37m<-- POST /wd/hub/session/572aad82-0c12-4979-8a85-08b25b32a279/elements [39m[32m200[39m [90m788 ms - 139[39m
[35m[HTTP][39m [90m[39m
[35m[HTTP][39m [37m-->[39m [37mGET[39m [37m/wd/hub/session/572aad82-0c12-4979-8a85-08b25b32a279/window/rect[39m
[35m[HTTP][39m [90m{}[39m
[35m[HTTP][39m [37m<-- GET /wd/hub/session/572aad82-0c12-4979-8a85-08b25b32a279/window/rect [39m[32m200[39m [90m36 ms - 49[39m
[35m[HTTP][39m [90m[39m
[35m[HTTP][39m [37m-->[39m [37mPOST[39m [37m/wd/hub/session/572aad82-0c12-4979-8a85-08b25b32a279/elements[39m
[35m[HTTP][39m [90m{"using":"xpath","value":"//*[@class = 'android.widget.EditText' and (@text = 'Enter your email' or . = 'Enter your email')]"}[39m
[35m[HTTP][39m [37m<-- POST /wd/hub/session/572aad82-0c12-4979-8a85-08b25b32a279/elements [39m[32m200[39m [90m750 ms - 139[39m
[35m[HTTP][39m [90m[39m
[35m[HTTP][39m [37m-->[39m [37mGET[39m [37m/wd/hub/session/572aad82-0c12-4979-8a85-08b25b32a279/element/00000000-0000-0019-ffff-ffff0000005b/location[39m
[35m[HTTP][39m [90m{}[39m
[35m[W3C (572aad82)][39m Driver proxy active, passing request on via HTTP proxy
[35m[WD Proxy][39m Replacing sessionId d6ca294e-368e-486a-a98c-8a17d5cf51b3 with 572aad82-0c12-4979-8a85-08b25b32a279
[35m[HTTP][39m [37m<-- GET /wd/hub/session/572aad82-0c12-4979-8a85-08b25b32a279/element/00000000-0000-0019-ffff-ffff0000005b/location [39m[32m200[39m [90m486 ms - 78[39m
[35m[HTTP][39m [90m[39m
[35m[HTTP][39m [37m-->[39m [37mPOST[39m [37m/wd/hub/session/572aad82-0c12-4979-8a85-08b25b32a279/element/00000000-0000-0019-ffff-ffff0000005b/clear[39m
[35m[HTTP][39m [90m{"id":"00000000-0000-0019-ffff-ffff0000005b"}[39m
[35m[HTTP][39m [37m<-- POST /wd/hub/session/572aad82-0c12-4979-8a85-08b25b32a279/element/00000000-0000-0019-ffff-ffff0000005b/clear [39m[32m200[39m [90m90 ms - 14[39m
[35m[HTTP][39m [90m[39m
[35m[HTTP][39m [37m-->[39m [37mPOST[39m [37m/wd/hub/session/572aad82-0c12-4979-8a85-08b25b32a279/element/00000000-0000-0019-ffff-ffff0000005b/click[39m
[35m[HTTP][39m [90m{"id":"00000000-0000-0019-ffff-ffff0000005b"}[39m
[35m[HTTP][39m [37m<-- POST /wd/hub/session/572aad82-0c12-4979-8a85-08b25b32a279/element/00000000-0000-0019-ffff-ffff0000005b/click [39m[32m200[39m [90m826 ms - 14[39m
[35m[HTTP][39m [90m[39m
[35m[HTTP][39m [37m-->[39m [37mPOST[39m [37m/wd/hub/session/572aad82-0c12-4979-8a85-08b25b32a279/element/00000000-0000-0019-ffff-ffff0000005b/value[39m
[35m[HTTP][39m [90m{"id":"00000000-0000-0019-ffff-ffff0000005b","text":"caotuyenks1605@gmail.com","value":["c","a","o","t","u","y","e","n","k","s","1","6","0","5","@","g","m","a","i","l",".","c","o","m"]}[39m
[35m[HTTP][39m [37m<-- POST /wd/hub/session/572aad82-0c12-4979-8a85-08b25b32a279/element/00000000-0000-0019-ffff-ffff0000005b/value [39m[32m200[39m [90m950 ms - 14[39m
[35m[HTTP][39m [90m[39m
[35m[HTTP][39m [37m-->[39m [37mGET[39m [37m/wd/hub/session/572aad82-0c12-4979-8a85-08b25b32a279/source[39m
[35m[HTTP][39m [90m{}[39m
[35m[W3C (572aad82)][39m Driver proxy active, passing request on via HTTP proxy
[35m[WD Proxy][39m Replacing sessionId d6ca294e-368e-486a-a98c-8a17d5cf51b3 with 572aad82-0c12-4979-8a85-08b25b32a279
[35m[HTTP][39m [37m<-- GET /wd/hub/session/572aad82-0c12-4979-8a85-08b25b32a279/source [39m[32m200[39m [90m751 ms - 17878[39m
[35m[HTTP][39m [90m[39m
[35m[HTTP][39m [37m-->[39m [37mGET[39m [37m/wd/hub/session/572aad82-0c12-4979-8a85-08b25b32a279/screenshot[39m
[35m[HTTP][39m [90m{}[39m
[35m[HTTP][39m [37m<-- GET /wd/hub/session/572aad82-0c12-4979-8a85-08b25b32a279/screenshot [39m[32m200[39m [90m1049 ms - 419682[39m
[35m[HTTP][39m [90m[39m
[35m[HTTP][39m [37m-->[39m [37mPOST[39m [37m/wd/hub/session/572aad82-0c12-4979-8a85-08b25b32a279/elements[39m
[35m[HTTP][39m [90m{"using":"xpath","value":"//*[@class = 'android.widget.EditText' and (@text = 'Enter your user name' or . = 'Enter your user name')]"}[39m
[35m[HTTP][39m [37m<-- POST /wd/hub/session/572aad82-0c12-4979-8a85-08b25b32a279/elements [39m[32m200[39m [90m651 ms - 139[39m
[35m[HTTP][39m [90m[39m
[35m[HTTP][39m [37m-->[39m [37mGET[39m [37m/wd/hub/session/572aad82-0c12-4979-8a85-08b25b32a279/window/rect[39m
[35m[HTTP][39m [90m{}[39m
[35m[HTTP][39m [37m<-- GET /wd/hub/session/572aad82-0c12-4979-8a85-08b25b32a279/window/rect [39m[32m200[39m [90m42 ms - 49[39m
[35m[HTTP][39m [90m[39m
[35m[HTTP][39m [37m-->[39m [37mPOST[39m [37m/wd/hub/session/572aad82-0c12-4979-8a85-08b25b32a279/elements[39m
[35m[HTTP][39m [90m{"using":"xpath","value":"//*[@class = 'android.widget.EditText' and (@text = 'Enter your user name' or . = 'Enter your user name')]"}[39m
[35m[HTTP][39m [37m<-- POST /wd/hub/session/572aad82-0c12-4979-8a85-08b25b32a279/elements [39m[32m200[39m [90m717 ms - 139[39m
[35m[HTTP][39m [90m[39m
[35m[HTTP][39m [37m-->[39m [37mGET[39m [37m/wd/hub/session/572aad82-0c12-4979-8a85-08b25b32a279/element/00000000-0000-0019-ffff-ffff0000005f/location[39m
[35m[HTTP][39m [90m{}[39m
[35m[W3C (572aad82)][39m Driver proxy active, passing request on via HTTP proxy
[35m[WD Proxy][39m Replacing sessionId d6ca294e-368e-486a-a98c-8a17d5cf51b3 with 572aad82-0c12-4979-8a85-08b25b32a279
[35m[HTTP][39m [37m<-- GET /wd/hub/session/572aad82-0c12-4979-8a85-08b25b32a279/element/00000000-0000-0019-ffff-ffff0000005f/location [39m[32m200[39m [90m57 ms - 78[39m
[35m[HTTP][39m [90m[39m
[35m[HTTP][39m [37m-->[39m [37mPOST[39m [37m/wd/hub/session/572aad82-0c12-4979-8a85-08b25b32a279/element/00000000-0000-0019-ffff-ffff0000005f/clear[39m
[35m[HTTP][39m [90m{"id":"00000000-0000-0019-ffff-ffff0000005f"}[39m
[35m[HTTP][39m [37m<-- POST /wd/hub/session/572aad82-0c12-4979-8a85-08b25b32a279/element/00000000-0000-0019-ffff-ffff0000005f/clear [39m[32m200[39m [90m68 ms - 14[39m
[35m[HTTP][39m [90m[39m
[35m[HTTP][39m [37m-->[39m [37mPOST[39m [37m/wd/hub/session/572aad82-0c12-4979-8a85-08b25b32a279/element/00000000-0000-0019-ffff-ffff0000005f/click[39m
[35m[HTTP][39m [90m{"id":"00000000-0000-0019-ffff-ffff0000005f"}[39m
[35m[HTTP][39m [37m<-- POST /wd/hub/session/572aad82-0c12-4979-8a85-08b25b32a279/element/00000000-0000-0019-ffff-ffff0000005f/click [39m[32m200[39m [90m1325 ms - 14[39m
[35m[HTTP][39m [90m[39m
[35m[HTTP][39m [37m-->[39m [37mPOST[39m [37m/wd/hub/session/572aad82-0c12-4979-8a85-08b25b32a279/element/00000000-0000-0019-ffff-ffff0000005f/value[39m
[35m[HTTP][39m [90m{"id":"00000000-0000-0019-ffff-ffff0000005f","text":"Timmy","value":["T","i","m","m","y"]}[39m
[35m[HTTP][39m [37m<-- POST /wd/hub/session/572aad82-0c12-4979-8a85-08b25b32a279/element/00000000-0000-0019-ffff-ffff0000005f/value [39m[32m200[39m [90m852 ms - 14[39m
[35m[HTTP][39m [90m[39m
[35m[HTTP][39m [37m-->[39m [37mGET[39m [37m/wd/hub/session/572aad82-0c12-4979-8a85-08b25b32a279/source[39m
[35m[HTTP][39m [90m{}[39m
[35m[W3C (572aad82)][39m Driver proxy active, passing request on via HTTP proxy
[35m[WD Proxy][39m Replacing sessionId d6ca294e-368e-486a-a98c-8a17d5cf51b3 with 572aad82-0c12-4979-8a85-08b25b32a279
[35m[HTTP][39m [37m<-- GET /wd/hub/session/572aad82-0c12-4979-8a85-08b25b32a279/source [39m[32m200[39m [90m1028 ms - 17863[39m
[35m[HTTP][39m [90m[39m
[35m[HTTP][39m [37m-->[39m [37mGET[39m [37m/wd/hub/session/572aad82-0c12-4979-8a85-08b25b32a279/screenshot[39m
[35m[HTTP][39m [90m{}[39m
[35m[HTTP][39m [37m<-- GET /wd/hub/session/572aad82-0c12-4979-8a85-08b25b32a279/screenshot [39m[32m200[39m [90m1169 ms - 415922[39m
[35m[HTTP][39m [90m[39m
[35m[HTTP][39m [37m-->[39m [37mPOST[39m [37m/wd/hub/session/572aad82-0c12-4979-8a85-08b25b32a279/elements[39m
[35m[HTTP][39m [90m{"using":"xpath","value":"//*[@class = 'android.widget.EditText' and (@text = 'Enter your password' or . = 'Enter your password')]"}[39m
[35m[HTTP][39m [37m<-- POST /wd/hub/session/572aad82-0c12-4979-8a85-08b25b32a279/elements [39m[32m200[39m [90m1364 ms - 267[39m
[35m[HTTP][39m [90m[39m
[35m[HTTP][39m [37m-->[39m [37mPOST[39m [37m/wd/hub/session/572aad82-0c12-4979-8a85-08b25b32a279/elements[39m
[35m[HTTP][39m [90m{"using":"-android uiautomator","value":"new UiSelector().className(\"android.widget.EditText\").text(\"Enter your password\")"}[39m
[35m[HTTP][39m [37m<-- POST /wd/hub/session/572aad82-0c12-4979-8a85-08b25b32a279/elements [39m[32m200[39m [90m444 ms - 267[39m
[35m[HTTP][39m [90m[39m
[35m[HTTP][39m [37m-->[39m [37mGET[39m [37m/wd/hub/session/572aad82-0c12-4979-8a85-08b25b32a279/window/rect[39m
[35m[HTTP][39m [90m{}[39m
[35m[HTTP][39m [37m<-- GET /wd/hub/session/572aad82-0c12-4979-8a85-08b25b32a279/window/rect [39m[32m200[39m [90m64 ms - 49[39m
[35m[HTTP][39m [90m[39m
[35m[HTTP][39m [37m-->[39m [37mPOST[39m [37m/wd/hub/session/572aad82-0c12-4979-8a85-08b25b32a279/elements[39m
[35m[HTTP][39m [90m{"using":"xpath","value":"//hierarchy/android.widget.FrameLayout[1]/android.widget.LinearLayout[1]/android.widget.FrameLayout[1]/android.widget.LinearLayout[1]/android.widget.FrameLayout[1]/android.widget.FrameLayout[1]/android.view.ViewGroup[1]/android.view.ViewGroup[1]/android.view.ViewGroup[1]/android.view.ViewGroup[1]/android.view.ViewGroup[1]/android.view.ViewGroup[1]/android.widget.ScrollView[1]/android.view.ViewGroup[1]/android.view.ViewGroup[3]/android.widget.EditText[1]"}[39m
[35m[HTTP][39m [37m<-- POST /wd/hub/session/572aad82-0c12-4979-8a85-08b25b32a279/elements [39m[32m200[39m [90m687 ms - 139[39m
[35m[HTTP][39m [90m[39m
[35m[HTTP][39m [37m-->[39m [37mGET[39m [37m/wd/hub/session/572aad82-0c12-4979-8a85-08b25b32a279/element/00000000-0000-0019-ffff-ffff00000063/location[39m
[35m[HTTP][39m [90m{}[39m
[35m[W3C (572aad82)][39m Driver proxy active, passing request on via HTTP proxy
[35m[WD Proxy][39m Replacing sessionId d6ca294e-368e-486a-a98c-8a17d5cf51b3 with 572aad82-0c12-4979-8a85-08b25b32a279
[35m[HTTP][39m [37m<-- GET /wd/hub/session/572aad82-0c12-4979-8a85-08b25b32a279/element/00000000-0000-0019-ffff-ffff00000063/location [39m[32m200[39m [90m51 ms - 78[39m
[35m[HTTP][39m [90m[39m
[35m[HTTP][39m [37m-->[39m [37mPOST[39m [37m/wd/hub/session/572aad82-0c12-4979-8a85-08b25b32a279/element/00000000-0000-0019-ffff-ffff00000063/clear[39m
[35m[HTTP][39m [90m{"id":"00000000-0000-0019-ffff-ffff00000063"}[39m
[35m[HTTP][39m [37m<-- POST /wd/hub/session/572aad82-0c12-4979-8a85-08b25b32a279/element/00000000-0000-0019-ffff-ffff00000063/clear [39m[32m200[39m [90m59 ms - 14[39m
[35m[HTTP][39m [90m[39m
[35m[HTTP][39m [37m-->[39m [37mPOST[39m [37m/wd/hub/session/572aad82-0c12-4979-8a85-08b25b32a279/element/00000000-0000-0019-ffff-ffff00000063/click[39m
[35m[HTTP][39m [90m{"id":"00000000-0000-0019-ffff-ffff00000063"}[39m
[35m[HTTP][39m [37m<-- POST /wd/hub/session/572aad82-0c12-4979-8a85-08b25b32a279/element/00000000-0000-0019-ffff-ffff00000063/click [39m[32m200[39m [90m2719 ms - 14[39m
[35m[HTTP][39m [90m[39m
[35m[HTTP][39m [37m-->[39m [37mPOST[39m [37m/wd/hub/session/572aad82-0c12-4979-8a85-08b25b32a279/element/00000000-0000-0019-ffff-ffff00000063/value[39m
[35m[HTTP][39m [90m{"id":"00000000-0000-0019-ffff-ffff00000063","text":"123456789","value":["1","2","3","4","5","6","7","8","9"]}[39m
[35m[HTTP][39m [37m<-- POST /wd/hub/session/572aad82-0c12-4979-8a85-08b25b32a279/element/00000000-0000-0019-ffff-ffff00000063/value [39m[32m200[39m [90m1271 ms - 14[39m
[35m[HTTP][39m [90m[39m
[35m[HTTP][39m [37m-->[39m [37mGET[39m [37m/wd/hub/session/572aad82-0c12-4979-8a85-08b25b32a279/source[39m
[35m[HTTP][39m [90m{}[39m
[35m[W3C (572aad82)][39m Driver proxy active, passing request on via HTTP proxy
[35m[WD Proxy][39m Replacing sessionId d6ca294e-368e-486a-a98c-8a17d5cf51b3 with 572aad82-0c12-4979-8a85-08b25b32a279
[35m[HTTP][39m [37m<-- GET /wd/hub/session/572aad82-0c12-4979-8a85-08b25b32a279/source [39m[32m200[39m [90m1200 ms - 17874[39m
[35m[HTTP][39m [90m[39m
[35m[HTTP][39m [37m-->[39m [37mGET[39m [37m/wd/hub/session/572aad82-0c12-4979-8a85-08b25b32a279/screenshot[39m
[35m[HTTP][39m [90m{}[39m
[35m[HTTP][39m [37m<-- GET /wd/hub/session/572aad82-0c12-4979-8a85-08b25b32a279/screenshot [39m[32m200[39m [90m1346 ms - 329764[39m
[35m[HTTP][39m [90m[39m
[35m[HTTP][39m [37m-->[39m [37mPOST[39m [37m/wd/hub/session/572aad82-0c12-4979-8a85-08b25b32a279/elements[39m
[35m[HTTP][39m [90m{"using":"xpath","value":"//*[@class = 'android.widget.EditText' and (@text = 'Enter your password' or . = 'Enter your password')]"}[39m
[35m[HTTP][39m [37m<-- POST /wd/hub/session/572aad82-0c12-4979-8a85-08b25b32a279/elements [39m[32m200[39m [90m1140 ms - 139[39m
[35m[HTTP][39m [90m[39m
[35m[HTTP][39m [37m-->[39m [37mGET[39m [37m/wd/hub/session/572aad82-0c12-4979-8a85-08b25b32a279/window/rect[39m
[35m[HTTP][39m [90m{}[39m
[35m[HTTP][39m [37m<-- GET /wd/hub/session/572aad82-0c12-4979-8a85-08b25b32a279/window/rect [39m[32m200[39m [90m38 ms - 49[39m
[35m[HTTP][39m [90m[39m
[35m[HTTP][39m [37m-->[39m [37mPOST[39m [37m/wd/hub/session/572aad82-0c12-4979-8a85-08b25b32a279/elements[39m
[35m[HTTP][39m [90m{"using":"xpath","value":"//*[@class = 'android.widget.EditText' and (@text = 'Enter your password' or . = 'Enter your password')]"}[39m
[35m[HTTP][39m [37m<-- POST /wd/hub/session/572aad82-0c12-4979-8a85-08b25b32a279/elements [39m[32m200[39m [90m571 ms - 139[39m
[35m[HTTP][39m [90m[39m
[35m[HTTP][39m [37m-->[39m [37mGET[39m [37m/wd/hub/session/572aad82-0c12-4979-8a85-08b25b32a279/element/00000000-0000-0019-ffff-ffff00000069/location[39m
[35m[HTTP][39m [90m{}[39m
[35m[W3C (572aad82)][39m Driver proxy active, passing request on via HTTP proxy
[35m[WD Proxy][39m Replacing sessionId d6ca294e-368e-486a-a98c-8a17d5cf51b3 with 572aad82-0c12-4979-8a85-08b25b32a279
[35m[HTTP][39m [37m<-- GET /wd/hub/session/572aad82-0c12-4979-8a85-08b25b32a279/element/00000000-0000-0019-ffff-ffff00000069/location [39m[32m200[39m [90m38 ms - 78[39m
[35m[HTTP][39m [90m[39m
[35m[HTTP][39m [37m-->[39m [37mPOST[39m [37m/wd/hub/session/572aad82-0c12-4979-8a85-08b25b32a279/element/00000000-0000-0019-ffff-ffff00000069/clear[39m
[35m[HTTP][39m [90m{"id":"00000000-0000-0019-ffff-ffff00000069"}[39m
[35m[HTTP][39m [37m<-- POST /wd/hub/session/572aad82-0c12-4979-8a85-08b25b32a279/element/00000000-0000-0019-ffff-ffff00000069/clear [39m[32m200[39m [90m38 ms - 14[39m
[35m[HTTP][39m [90m[39m
[35m[HTTP][39m [37m-->[39m [37mPOST[39m [37m/wd/hub/session/572aad82-0c12-4979-8a85-08b25b32a279/element/00000000-0000-0019-ffff-ffff00000069/click[39m
[35m[HTTP][39m [90m{"id":"00000000-0000-0019-ffff-ffff00000069"}[39m
[35m[HTTP][39m [37m<-- POST /wd/hub/session/572aad82-0c12-4979-8a85-08b25b32a279/element/00000000-0000-0019-ffff-ffff00000069/click [39m[32m200[39m [90m552 ms - 14[39m
[35m[HTTP][39m [90m[39m
[35m[HTTP][39m [37m-->[39m [37mPOST[39m [37m/wd/hub/session/572aad82-0c12-4979-8a85-08b25b32a279/element/00000000-0000-0019-ffff-ffff00000069/value[39m
[35m[HTTP][39m [90m{"id":"00000000-0000-0019-ffff-ffff00000069","text":"123456789","value":["1","2","3","4","5","6","7","8","9"]}[39m
[35m[HTTP][39m [37m<-- POST /wd/hub/session/572aad82-0c12-4979-8a85-08b25b32a279/element/00000000-0000-0019-ffff-ffff00000069/value [39m[32m200[39m [90m1942 ms - 14[39m
[35m[HTTP][39m [90m[39m
[35m[HTTP][39m [37m-->[39m [37mGET[39m [37m/wd/hub/session/572aad82-0c12-4979-8a85-08b25b32a279/source[39m
[35m[HTTP][39m [90m{}[39m
[35m[W3C (572aad82)][39m Driver proxy active, passing request on via HTTP proxy
[35m[WD Proxy][39m Replacing sessionId d6ca294e-368e-486a-a98c-8a17d5cf51b3 with 572aad82-0c12-4979-8a85-08b25b32a279
[35m[HTTP][39m [37m<-- GET /wd/hub/session/572aad82-0c12-4979-8a85-08b25b32a279/source [39m[32m200[39m [90m599 ms - 17882[39m
[35m[HTTP][39m [90m[39m
[35m[HTTP][39m [37m-->[39m [37mGET[39m [37m/wd/hub/session/572aad82-0c12-4979-8a85-08b25b32a279/screenshot[39m
[35m[HTTP][39m [90m{}[39m
[35m[HTTP][39m [37m<-- GET /wd/hub/session/572aad82-0c12-4979-8a85-08b25b32a279/screenshot [39m[32m200[39m [90m1096 ms - 323942[39m
[35m[HTTP][39m [90m[39m
[35m[HTTP][39m [37m-->[39m [37mPOST[39m [37m/wd/hub/session/572aad82-0c12-4979-8a85-08b25b32a279/elements[39m
[35m[HTTP][39m [90m{"using":"xpath","value":"//*[@class = 'android.view.View' and (@text = '' or . = '')]"}[39m
[35m[HTTP][39m [37m<-- POST /wd/hub/session/572aad82-0c12-4979-8a85-08b25b32a279/elements [39m[32m200[39m [90m543 ms - 139[39m
[35m[HTTP][39m [90m[39m
[35m[HTTP][39m [37m-->[39m [37mGET[39m [37m/wd/hub/session/572aad82-0c12-4979-8a85-08b25b32a279/window/rect[39m
[35m[HTTP][39m [90m{}[39m
[35m[HTTP][39m [37m<-- GET /wd/hub/session/572aad82-0c12-4979-8a85-08b25b32a279/window/rect [39m[32m200[39m [90m29 ms - 49[39m
[35m[HTTP][39m [90m[39m
[35m[HTTP][39m [37m-->[39m [37mPOST[39m [37m/wd/hub/session/572aad82-0c12-4979-8a85-08b25b32a279/elements[39m
[35m[HTTP][39m [90m{"using":"xpath","value":"//*[@class = 'android.view.View' and (@text = '' or . = '')]"}[39m
[35m[HTTP][39m [37m<-- POST /wd/hub/session/572aad82-0c12-4979-8a85-08b25b32a279/elements [39m[32m200[39m [90m554 ms - 139[39m
[35m[HTTP][39m [90m[39m
[35m[HTTP][39m [37m-->[39m [37mGET[39m [37m/wd/hub/session/572aad82-0c12-4979-8a85-08b25b32a279/element/00000000-0000-0019-ffff-ffff0000006d/location[39m
[35m[HTTP][39m [90m{}[39m
[35m[W3C (572aad82)][39m Driver proxy active, passing request on via HTTP proxy
[35m[WD Proxy][39m Replacing sessionId d6ca294e-368e-486a-a98c-8a17d5cf51b3 with 572aad82-0c12-4979-8a85-08b25b32a279
[35m[HTTP][39m [37m<-- GET /wd/hub/session/572aad82-0c12-4979-8a85-08b25b32a279/element/00000000-0000-0019-ffff-ffff0000006d/location [39m[32m200[39m [90m208 ms - 78[39m
[35m[HTTP][39m [90m[39m
[35m[HTTP][39m [37m-->[39m [37mPOST[39m [37m/wd/hub/session/572aad82-0c12-4979-8a85-08b25b32a279/element/00000000-0000-0019-ffff-ffff0000006d/click[39m
[35m[HTTP][39m [90m{"id":"00000000-0000-0019-ffff-ffff0000006d"}[39m
[35m[HTTP][39m [37m<-- POST /wd/hub/session/572aad82-0c12-4979-8a85-08b25b32a279/element/00000000-0000-0019-ffff-ffff0000006d/click [39m[32m200[39m [90m78 ms - 14[39m
[35m[HTTP][39m [90m[39m
[35m[HTTP][39m [37m-->[39m [37mGET[39m [37m/wd/hub/session/572aad82-0c12-4979-8a85-08b25b32a279/source[39m
[35m[HTTP][39m [90m{}[39m
[35m[W3C (572aad82)][39m Driver proxy active, passing request on via HTTP proxy
[35m[WD Proxy][39m Replacing sessionId d6ca294e-368e-486a-a98c-8a17d5cf51b3 with 572aad82-0c12-4979-8a85-08b25b32a279
[35m[HTTP][39m [37m<-- GET /wd/hub/session/572aad82-0c12-4979-8a85-08b25b32a279/source [39m[32m200[39m [90m689 ms - 17908[39m
[35m[HTTP][39m [90m[39m
[35m[HTTP][39m [37m-->[39m [37mGET[39m [37m/wd/hub/session/572aad82-0c12-4979-8a85-08b25b32a279/screenshot[39m
[35m[HTTP][39m [90m{}[39m
[35m[HTTP][39m [37m<-- GET /wd/hub/session/572aad82-0c12-4979-8a85-08b25b32a279/screenshot [39m[32m200[39m [90m633 ms - 150012[39m
[35m[HTTP][39m [90m[39m
[35m[HTTP][39m [37m-->[39m [37mGET[39m [37m/wd/hub/session/572aad82-0c12-4979-8a85-08b25b32a279/window/rect[39m
[35m[HTTP][39m [90m{}[39m
[35m[HTTP][39m [37m<-- GET /wd/hub/session/572aad82-0c12-4979-8a85-08b25b32a279/window/rect [39m[32m200[39m [90m39 ms - 49[39m
[35m[HTTP][39m [90m[39m
[35m[HTTP][39m [37m-->[39m [37mPOST[39m [37m/wd/hub/session/572aad82-0c12-4979-8a85-08b25b32a279/elements[39m
[35m[HTTP][39m [90m{"using":"xpath","value":"//*[@class = 'android.view.View' and (@text = '' or . = '')]"}[39m
[35m[HTTP][39m [37m<-- POST /wd/hub/session/572aad82-0c12-4979-8a85-08b25b32a279/elements [39m[32m200[39m [90m571 ms - 139[39m
[35m[HTTP][39m [90m[39m
[35m[HTTP][39m [37m-->[39m [37mGET[39m [37m/wd/hub/session/572aad82-0c12-4979-8a85-08b25b32a279/element/00000000-0000-0019-ffff-ffff0000006d/location[39m
[35m[HTTP][39m [90m{}[39m
[35m[W3C (572aad82)][39m Driver proxy active, passing request on via HTTP proxy
[35m[WD Proxy][39m Replacing sessionId d6ca294e-368e-486a-a98c-8a17d5cf51b3 with 572aad82-0c12-4979-8a85-08b25b32a279
[35m[HTTP][39m [37m<-- GET /wd/hub/session/572aad82-0c12-4979-8a85-08b25b32a279/element/00000000-0000-0019-ffff-ffff0000006d/location [39m[32m200[39m [90m40 ms - 78[39m
[35m[HTTP][39m [90m[39m
[35m[HTTP][39m [37m-->[39m [37mPOST[39m [37m/wd/hub/session/572aad82-0c12-4979-8a85-08b25b32a279/element/00000000-0000-0019-ffff-ffff0000006d/click[39m
[35m[HTTP][39m [90m{"id":"00000000-0000-0019-ffff-ffff0000006d"}[39m
[35m[HTTP][39m [37m<-- POST /wd/hub/session/572aad82-0c12-4979-8a85-08b25b32a279/element/00000000-0000-0019-ffff-ffff0000006d/click [39m[32m200[39m [90m80 ms - 14[39m
[35m[HTTP][39m [90m[39m
[35m[HTTP][39m [37m-->[39m [37mGET[39m [37m/wd/hub/session/572aad82-0c12-4979-8a85-08b25b32a279/source[39m
[35m[HTTP][39m [90m{}[39m
[35m[W3C (572aad82)][39m Driver proxy active, passing request on via HTTP proxy
[35m[WD Proxy][39m Replacing sessionId d6ca294e-368e-486a-a98c-8a17d5cf51b3 with 572aad82-0c12-4979-8a85-08b25b32a279
[35m[HTTP][39m [37m<-- GET /wd/hub/session/572aad82-0c12-4979-8a85-08b25b32a279/source [39m[32m200[39m [90m3157 ms - 17908[39m
[35m[HTTP][39m [90m[39m
[35m[HTTP][39m [37m-->[39m [37mGET[39m [37m/wd/hub/session/572aad82-0c12-4979-8a85-08b25b32a279/screenshot[39m
[35m[HTTP][39m [90m{}[39m
[35m[HTTP][39m [37m<-- GET /wd/hub/session/572aad82-0c12-4979-8a85-08b25b32a279/screenshot [39m[32m200[39m [90m673 ms - 150192[39m
[35m[HTTP][39m [90m[39m
[35m[HTTP][39m [37m-->[39m [37mGET[39m [37m/wd/hub/session/572aad82-0c12-4979-8a85-08b25b32a279/source[39m
[35m[HTTP][39m [90m{}[39m
[35m[W3C (572aad82)][39m Driver proxy active, passing request on via HTTP proxy
[35m[WD Proxy][39m Replacing sessionId d6ca294e-368e-486a-a98c-8a17d5cf51b3 with 572aad82-0c12-4979-8a85-08b25b32a279
[35m[HTTP][39m [37m<-- GET /wd/hub/session/572aad82-0c12-4979-8a85-08b25b32a279/source [39m[32m200[39m [90m373 ms - 12824[39m
[35m[HTTP][39m [90m[39m
[35m[HTTP][39m [37m-->[39m [37mGET[39m [37m/wd/hub/session/572aad82-0c12-4979-8a85-08b25b32a279/screenshot[39m
[35m[HTTP][39m [90m{}[39m
[35m[HTTP][39m [37m<-- GET /wd/hub/session/572aad82-0c12-4979-8a85-08b25b32a279/screenshot [39m[32m200[39m [90m644 ms - 169056[39m
[35m[HTTP][39m [90m[39m
[35m[HTTP][39m [37m-->[39m [37mPOST[39m [37m/wd/hub/session/572aad82-0c12-4979-8a85-08b25b32a279/elements[39m
[35m[HTTP][39m [90m{"using":"xpath","value":"//*[@class = 'android.widget.EditText' and (@text = '' or . = '')]"}[39m
[35m[HTTP][39m [37m<-- POST /wd/hub/session/572aad82-0c12-4979-8a85-08b25b32a279/elements [39m[32m200[39m [90m394 ms - 523[39m
[35m[HTTP][39m [90m[39m
[35m[HTTP][39m [37m-->[39m [37mPOST[39m [37m/wd/hub/session/572aad82-0c12-4979-8a85-08b25b32a279/elements[39m
[35m[HTTP][39m [90m{"using":"-android uiautomator","value":"new UiSelector().className(\"android.widget.EditText\")"}[39m
[35m[HTTP][39m [37m<-- POST /wd/hub/session/572aad82-0c12-4979-8a85-08b25b32a279/elements [39m[32m200[39m [90m259 ms - 523[39m
[35m[HTTP][39m [90m[39m
[35m[HTTP][39m [37m-->[39m [37mGET[39m [37m/wd/hub/session/572aad82-0c12-4979-8a85-08b25b32a279/window/rect[39m
[35m[HTTP][39m [90m{}[39m
[35m[HTTP][39m [37m<-- GET /wd/hub/session/572aad82-0c12-4979-8a85-08b25b32a279/window/rect [39m[32m200[39m [90m48 ms - 49[39m
[35m[HTTP][39m [90m[39m
[35m[HTTP][39m [37m-->[39m [37mPOST[39m [37m/wd/hub/session/572aad82-0c12-4979-8a85-08b25b32a279/elements[39m
[35m[HTTP][39m [90m{"using":"xpath","value":"//hierarchy/android.widget.FrameLayout[1]/android.widget.LinearLayout[1]/android.widget.FrameLayout[1]/android.widget.LinearLayout[1]/android.widget.FrameLayout[1]/android.widget.FrameLayout[1]/android.view.ViewGroup[1]/android.view.ViewGroup[1]/android.view.ViewGroup[1]/android.view.ViewGroup[1]/android.view.ViewGroup[1]/android.view.ViewGroup[1]/android.view.ViewGroup[1]/android.view.ViewGroup[1]/android.widget.EditText[1]"}[39m
[35m[HTTP][39m [37m<-- POST /wd/hub/session/572aad82-0c12-4979-8a85-08b25b32a279/elements [39m[32m200[39m [90m411 ms - 139[39m
[35m[HTTP][39m [90m[39m
[35m[HTTP][39m [37m-->[39m [37mGET[39m [37m/wd/hub/session/572aad82-0c12-4979-8a85-08b25b32a279/element/00000000-0000-0019-ffff-ffff00000082/location[39m
[35m[HTTP][39m [90m{}[39m
[35m[W3C (572aad82)][39m Driver proxy active, passing request on via HTTP proxy
[35m[WD Proxy][39m Replacing sessionId d6ca294e-368e-486a-a98c-8a17d5cf51b3 with 572aad82-0c12-4979-8a85-08b25b32a279
[35m[HTTP][39m [37m<-- GET /wd/hub/session/572aad82-0c12-4979-8a85-08b25b32a279/element/00000000-0000-0019-ffff-ffff00000082/location [39m[32m200[39m [90m278 ms - 78[39m
[35m[HTTP][39m [90m[39m
[35m[HTTP][39m [37m-->[39m [37mPOST[39m [37m/wd/hub/session/572aad82-0c12-4979-8a85-08b25b32a279/element/00000000-0000-0019-ffff-ffff00000082/clear[39m
[35m[HTTP][39m [90m{"id":"00000000-0000-0019-ffff-ffff00000082"}[39m
[35m[HTTP][39m [37m<-- POST /wd/hub/session/572aad82-0c12-4979-8a85-08b25b32a279/element/00000000-0000-0019-ffff-ffff00000082/clear [39m[32m200[39m [90m64 ms - 14[39m
[35m[HTTP][39m [90m[39m
[35m[HTTP][39m [37m-->[39m [37mPOST[39m [37m/wd/hub/session/572aad82-0c12-4979-8a85-08b25b32a279/element/00000000-0000-0019-ffff-ffff00000082/click[39m
[35m[HTTP][39m [90m{"id":"00000000-0000-0019-ffff-ffff00000082"}[39m
[35m[HTTP][39m [37m<-- POST /wd/hub/session/572aad82-0c12-4979-8a85-08b25b32a279/element/00000000-0000-0019-ffff-ffff00000082/click [39m[32m200[39m [90m543 ms - 14[39m
[35m[HTTP][39m [90m[39m
[35m[HTTP][39m [37m-->[39m [37mPOST[39m [37m/wd/hub/session/572aad82-0c12-4979-8a85-08b25b32a279/element/00000000-0000-0019-ffff-ffff00000082/value[39m
[35m[HTTP][39m [90m{"id":"00000000-0000-0019-ffff-ffff00000082","text":"5","value":["5"]}[39m
[35m[HTTP][39m [37m<-- POST /wd/hub/session/572aad82-0c12-4979-8a85-08b25b32a279/element/00000000-0000-0019-ffff-ffff00000082/value [39m[32m200[39m [90m1977 ms - 14[39m
[35m[HTTP][39m [90m[39m
[35m[HTTP][39m [37m-->[39m [37mGET[39m [37m/wd/hub/session/572aad82-0c12-4979-8a85-08b25b32a279/source[39m
[35m[HTTP][39m [90m{}[39m
[35m[W3C (572aad82)][39m Driver proxy active, passing request on via HTTP proxy
[35m[WD Proxy][39m Replacing sessionId d6ca294e-368e-486a-a98c-8a17d5cf51b3 with 572aad82-0c12-4979-8a85-08b25b32a279
[35m[HTTP][39m [37m<-- GET /wd/hub/session/572aad82-0c12-4979-8a85-08b25b32a279/source [39m[32m200[39m [90m976 ms - 12813[39m
[35m[HTTP][39m [90m[39m
[35m[HTTP][39m [37m-->[39m [37mGET[39m [37m/wd/hub/session/572aad82-0c12-4979-8a85-08b25b32a279/screenshot[39m
[35m[HTTP][39m [90m{}[39m
[35m[HTTP][39m [37m<-- GET /wd/hub/session/572aad82-0c12-4979-8a85-08b25b32a279/screenshot [39m[32m200[39m [90m935 ms - 362960[39m
[35m[HTTP][39m [90m[39m
[35m[HTTP][39m [37m-->[39m [37mPOST[39m [37m/wd/hub/session/572aad82-0c12-4979-8a85-08b25b32a279/elements[39m
[35m[HTTP][39m [90m{"using":"xpath","value":"//*[@class = 'android.widget.EditText' and (@text = '' or . = '')]"}[39m
[35m[HTTP][39m [37m<-- POST /wd/hub/session/572aad82-0c12-4979-8a85-08b25b32a279/elements [39m[32m200[39m [90m1076 ms - 523[39m
[35m[HTTP][39m [90m[39m
[35m[HTTP][39m [37m-->[39m [37mPOST[39m [37m/wd/hub/session/572aad82-0c12-4979-8a85-08b25b32a279/elements[39m
[35m[HTTP][39m [90m{"using":"-android uiautomator","value":"new UiSelector().className(\"android.widget.EditText\")"}[39m
[35m[HTTP][39m [37m<-- POST /wd/hub/session/572aad82-0c12-4979-8a85-08b25b32a279/elements [39m[32m200[39m [90m247 ms - 523[39m
[35m[HTTP][39m [90m[39m
[35m[HTTP][39m [37m-->[39m [37mGET[39m [37m/wd/hub/session/572aad82-0c12-4979-8a85-08b25b32a279/window/rect[39m
[35m[HTTP][39m [90m{}[39m
[35m[HTTP][39m [37m<-- GET /wd/hub/session/572aad82-0c12-4979-8a85-08b25b32a279/window/rect [39m[32m200[39m [90m34 ms - 49[39m
[35m[HTTP][39m [90m[39m
[35m[HTTP][39m [37m-->[39m [37mPOST[39m [37m/wd/hub/session/572aad82-0c12-4979-8a85-08b25b32a279/elements[39m
[35m[HTTP][39m [90m{"using":"xpath","value":"//hierarchy/android.widget.FrameLayout[1]/android.widget.LinearLayout[1]/android.widget.FrameLayout[1]/android.widget.LinearLayout[1]/android.widget.FrameLayout[1]/android.widget.FrameLayout[1]/android.view.ViewGroup[1]/android.view.ViewGroup[1]/android.view.ViewGroup[1]/android.view.ViewGroup[1]/android.view.ViewGroup[1]/android.view.ViewGroup[1]/android.view.ViewGroup[1]/android.view.ViewGroup[2]/android.widget.EditText[1]"}[39m
[35m[HTTP][39m [37m<-- POST /wd/hub/session/572aad82-0c12-4979-8a85-08b25b32a279/elements [39m[32m200[39m [90m374 ms - 139[39m
[35m[HTTP][39m [90m[39m
[35m[HTTP][39m [37m-->[39m [37mGET[39m [37m/wd/hub/session/572aad82-0c12-4979-8a85-08b25b32a279/element/00000000-0000-0019-ffff-ffff00000084/location[39m
[35m[HTTP][39m [90m{}[39m
[35m[W3C (572aad82)][39m Driver proxy active, passing request on via HTTP proxy
[35m[WD Proxy][39m Replacing sessionId d6ca294e-368e-486a-a98c-8a17d5cf51b3 with 572aad82-0c12-4979-8a85-08b25b32a279
[35m[HTTP][39m [37m<-- GET /wd/hub/session/572aad82-0c12-4979-8a85-08b25b32a279/element/00000000-0000-0019-ffff-ffff00000084/location [39m[32m200[39m [90m40 ms - 78[39m
[35m[HTTP][39m [90m[39m
[35m[HTTP][39m [37m-->[39m [37mPOST[39m [37m/wd/hub/session/572aad82-0c12-4979-8a85-08b25b32a279/element/00000000-0000-0019-ffff-ffff00000084/clear[39m
[35m[HTTP][39m [90m{"id":"00000000-0000-0019-ffff-ffff00000084"}[39m
[35m[HTTP][39m [37m<-- POST /wd/hub/session/572aad82-0c12-4979-8a85-08b25b32a279/element/00000000-0000-0019-ffff-ffff00000084/clear [39m[32m200[39m [90m39 ms - 14[39m
[35m[HTTP][39m [90m[39m
[35m[HTTP][39m [37m-->[39m [37mPOST[39m [37m/wd/hub/session/572aad82-0c12-4979-8a85-08b25b32a279/element/00000000-0000-0019-ffff-ffff00000084/click[39m
[35m[HTTP][39m [90m{"id":"00000000-0000-0019-ffff-ffff00000084"}[39m
[35m[HTTP][39m [37m<-- POST /wd/hub/session/572aad82-0c12-4979-8a85-08b25b32a279/element/00000000-0000-0019-ffff-ffff00000084/click [39m[32m200[39m [90m612 ms - 14[39m
[35m[HTTP][39m [90m[39m
[35m[HTTP][39m [37m-->[39m [37mPOST[39m [37m/wd/hub/session/572aad82-0c12-4979-8a85-08b25b32a279/element/00000000-0000-0019-ffff-ffff00000084/value[39m
[35m[HTTP][39m [90m{"id":"00000000-0000-0019-ffff-ffff00000084","text":"3","value":["3"]}[39m
[35m[HTTP][39m [37m<-- POST /wd/hub/session/572aad82-0c12-4979-8a85-08b25b32a279/element/00000000-0000-0019-ffff-ffff00000084/value [39m[32m200[39m [90m794 ms - 14[39m
[35m[HTTP][39m [90m[39m
[35m[HTTP][39m [37m-->[39m [37mGET[39m [37m/wd/hub/session/572aad82-0c12-4979-8a85-08b25b32a279/source[39m
[35m[HTTP][39m [90m{}[39m
[35m[W3C (572aad82)][39m Driver proxy active, passing request on via HTTP proxy
[35m[WD Proxy][39m Replacing sessionId d6ca294e-368e-486a-a98c-8a17d5cf51b3 with 572aad82-0c12-4979-8a85-08b25b32a279
[35m[HTTP][39m [37m<-- GET /wd/hub/session/572aad82-0c12-4979-8a85-08b25b32a279/source [39m[32m200[39m [90m428 ms - 12814[39m
[35m[HTTP][39m [90m[39m
[35m[HTTP][39m [37m-->[39m [37mGET[39m [37m/wd/hub/session/572aad82-0c12-4979-8a85-08b25b32a279/screenshot[39m
[35m[HTTP][39m [90m{}[39m
[35m[HTTP][39m [37m<-- GET /wd/hub/session/572aad82-0c12-4979-8a85-08b25b32a279/screenshot [39m[32m200[39m [90m915 ms - 347352[39m
[35m[HTTP][39m [90m[39m
[35m[HTTP][39m [37m-->[39m [37mPOST[39m [37m/wd/hub/session/572aad82-0c12-4979-8a85-08b25b32a279/elements[39m
[35m[HTTP][39m [90m{"using":"xpath","value":"//*[@class = 'android.widget.EditText' and (@text = '' or . = '')]"}[39m
[35m[HTTP][39m [37m<-- POST /wd/hub/session/572aad82-0c12-4979-8a85-08b25b32a279/elements [39m[32m200[39m [90m490 ms - 523[39m
[35m[HTTP][39m [90m[39m
[35m[HTTP][39m [37m-->[39m [37mPOST[39m [37m/wd/hub/session/572aad82-0c12-4979-8a85-08b25b32a279/elements[39m
[35m[HTTP][39m [90m{"using":"-android uiautomator","value":"new UiSelector().className(\"android.widget.EditText\")"}[39m
[35m[HTTP][39m [37m<-- POST /wd/hub/session/572aad82-0c12-4979-8a85-08b25b32a279/elements [39m[32m200[39m [90m801 ms - 523[39m
[35m[HTTP][39m [90m[39m
[35m[HTTP][39m [37m-->[39m [37mGET[39m [37m/wd/hub/session/572aad82-0c12-4979-8a85-08b25b32a279/window/rect[39m
[35m[HTTP][39m [90m{}[39m
[35m[HTTP][39m [37m<-- GET /wd/hub/session/572aad82-0c12-4979-8a85-08b25b32a279/window/rect [39m[32m200[39m [90m31 ms - 49[39m
[35m[HTTP][39m [90m[39m
[35m[HTTP][39m [37m-->[39m [37mPOST[39m [37m/wd/hub/session/572aad82-0c12-4979-8a85-08b25b32a279/elements[39m
[35m[HTTP][39m [90m{"using":"xpath","value":"//hierarchy/android.widget.FrameLayout[1]/android.widget.LinearLayout[1]/android.widget.FrameLayout[1]/android.widget.LinearLayout[1]/android.widget.FrameLayout[1]/android.widget.FrameLayout[1]/android.view.ViewGroup[1]/android.view.ViewGroup[1]/android.view.ViewGroup[1]/android.view.ViewGroup[1]/android.view.ViewGroup[1]/android.view.ViewGroup[1]/android.view.ViewGroup[1]/android.view.ViewGroup[3]/android.widget.EditText[1]"}[39m
[35m[HTTP][39m [37m<-- POST /wd/hub/session/572aad82-0c12-4979-8a85-08b25b32a279/elements [39m[32m200[39m [90m915 ms - 139[39m
[35m[HTTP][39m [90m[39m
[35m[HTTP][39m [37m-->[39m [37mGET[39m [37m/wd/hub/session/572aad82-0c12-4979-8a85-08b25b32a279/element/00000000-0000-0019-ffff-ffff00000086/location[39m
[35m[HTTP][39m [90m{}[39m
[35m[W3C (572aad82)][39m Driver proxy active, passing request on via HTTP proxy
[35m[WD Proxy][39m Replacing sessionId d6ca294e-368e-486a-a98c-8a17d5cf51b3 with 572aad82-0c12-4979-8a85-08b25b32a279
[35m[HTTP][39m [37m<-- GET /wd/hub/session/572aad82-0c12-4979-8a85-08b25b32a279/element/00000000-0000-0019-ffff-ffff00000086/location [39m[32m200[39m [90m40 ms - 78[39m
[35m[HTTP][39m [90m[39m
[35m[HTTP][39m [37m-->[39m [37mPOST[39m [37m/wd/hub/session/572aad82-0c12-4979-8a85-08b25b32a279/element/00000000-0000-0019-ffff-ffff00000086/clear[39m
[35m[HTTP][39m [90m{"id":"00000000-0000-0019-ffff-ffff00000086"}[39m
[35m[HTTP][39m [37m<-- POST /wd/hub/session/572aad82-0c12-4979-8a85-08b25b32a279/element/00000000-0000-0019-ffff-ffff00000086/clear [39m[32m200[39m [90m38 ms - 14[39m
[35m[HTTP][39m [90m[39m
[35m[HTTP][39m [37m-->[39m [37mPOST[39m [37m/wd/hub/session/572aad82-0c12-4979-8a85-08b25b32a279/element/00000000-0000-0019-ffff-ffff00000086/click[39m
[35m[HTTP][39m [90m{"id":"00000000-0000-0019-ffff-ffff00000086"}[39m
[35m[HTTP][39m [37m<-- POST /wd/hub/session/572aad82-0c12-4979-8a85-08b25b32a279/element/00000000-0000-0019-ffff-ffff00000086/click [39m[32m200[39m [90m552 ms - 14[39m
[35m[HTTP][39m [90m[39m
[35m[HTTP][39m [37m-->[39m [37mPOST[39m [37m/wd/hub/session/572aad82-0c12-4979-8a85-08b25b32a279/element/00000000-0000-0019-ffff-ffff00000086/value[39m
[35m[HTTP][39m [90m{"id":"00000000-0000-0019-ffff-ffff00000086","text":"6","value":["6"]}[39m
[35m[HTTP][39m [37m<-- POST /wd/hub/session/572aad82-0c12-4979-8a85-08b25b32a279/element/00000000-0000-0019-ffff-ffff00000086/value [39m[32m200[39m [90m956 ms - 14[39m
[35m[HTTP][39m [90m[39m
[35m[HTTP][39m [37m-->[39m [37mGET[39m [37m/wd/hub/session/572aad82-0c12-4979-8a85-08b25b32a279/source[39m
[35m[HTTP][39m [90m{}[39m
[35m[W3C (572aad82)][39m Driver proxy active, passing request on via HTTP proxy
[35m[WD Proxy][39m Replacing sessionId d6ca294e-368e-486a-a98c-8a17d5cf51b3 with 572aad82-0c12-4979-8a85-08b25b32a279
[35m[HTTP][39m [37m<-- GET /wd/hub/session/572aad82-0c12-4979-8a85-08b25b32a279/source [39m[32m200[39m [90m858 ms - 12815[39m
[35m[HTTP][39m [90m[39m
[35m[HTTP][39m [37m-->[39m [37mGET[39m [37m/wd/hub/session/572aad82-0c12-4979-8a85-08b25b32a279/screenshot[39m
[35m[HTTP][39m [90m{}[39m
[35m[HTTP][39m [37m<-- GET /wd/hub/session/572aad82-0c12-4979-8a85-08b25b32a279/screenshot [39m[32m200[39m [90m984 ms - 348340[39m
[35m[HTTP][39m [90m[39m
[35m[HTTP][39m [37m-->[39m [37mPOST[39m [37m/wd/hub/session/572aad82-0c12-4979-8a85-08b25b32a279/elements[39m
[35m[HTTP][39m [90m{"using":"xpath","value":"//*[@class = 'android.widget.EditText' and (@text = '' or . = '')]"}[39m
[35m[HTTP][39m [37m<-- POST /wd/hub/session/572aad82-0c12-4979-8a85-08b25b32a279/elements [39m[32m200[39m [90m551 ms - 523[39m
[35m[HTTP][39m [90m[39m
[35m[HTTP][39m [37m-->[39m [37mPOST[39m [37m/wd/hub/session/572aad82-0c12-4979-8a85-08b25b32a279/elements[39m
[35m[HTTP][39m [90m{"using":"-android uiautomator","value":"new UiSelector().className(\"android.widget.EditText\")"}[39m
[35m[HTTP][39m [37m<-- POST /wd/hub/session/572aad82-0c12-4979-8a85-08b25b32a279/elements [39m[32m200[39m [90m361 ms - 523[39m
[35m[HTTP][39m [90m[39m
[35m[HTTP][39m [37m-->[39m [37mGET[39m [37m/wd/hub/session/572aad82-0c12-4979-8a85-08b25b32a279/window/rect[39m
[35m[HTTP][39m [90m{}[39m
[35m[HTTP][39m [37m<-- GET /wd/hub/session/572aad82-0c12-4979-8a85-08b25b32a279/window/rect [39m[32m200[39m [90m44 ms - 49[39m
[35m[HTTP][39m [90m[39m
[35m[HTTP][39m [37m-->[39m [37mPOST[39m [37m/wd/hub/session/572aad82-0c12-4979-8a85-08b25b32a279/elements[39m
[35m[HTTP][39m [90m{"using":"xpath","value":"//hierarchy/android.widget.FrameLayout[1]/android.widget.LinearLayout[1]/android.widget.FrameLayout[1]/android.widget.LinearLayout[1]/android.widget.FrameLayout[1]/android.widget.FrameLayout[1]/android.view.ViewGroup[1]/android.view.ViewGroup[1]/android.view.ViewGroup[1]/android.view.ViewGroup[1]/android.view.ViewGroup[1]/android.view.ViewGroup[1]/android.view.ViewGroup[1]/android.view.ViewGroup[4]/android.widget.EditText[1]"}[39m
[35m[HTTP][39m [37m<-- POST /wd/hub/session/572aad82-0c12-4979-8a85-08b25b32a279/elements [39m[32m200[39m [90m424 ms - 139[39m
[35m[HTTP][39m [90m[39m
[35m[HTTP][39m [37m-->[39m [37mGET[39m [37m/wd/hub/session/572aad82-0c12-4979-8a85-08b25b32a279/element/00000000-0000-0019-ffff-ffff00000088/location[39m
[35m[HTTP][39m [90m{}[39m
[35m[W3C (572aad82)][39m Driver proxy active, passing request on via HTTP proxy
[35m[WD Proxy][39m Replacing sessionId d6ca294e-368e-486a-a98c-8a17d5cf51b3 with 572aad82-0c12-4979-8a85-08b25b32a279
[35m[HTTP][39m [37m<-- GET /wd/hub/session/572aad82-0c12-4979-8a85-08b25b32a279/element/00000000-0000-0019-ffff-ffff00000088/location [39m[32m200[39m [90m51 ms - 78[39m
[35m[HTTP][39m [90m[39m
[35m[HTTP][39m [37m-->[39m [37mPOST[39m [37m/wd/hub/session/572aad82-0c12-4979-8a85-08b25b32a279/element/00000000-0000-0019-ffff-ffff00000088/clear[39m
[35m[HTTP][39m [90m{"id":"00000000-0000-0019-ffff-ffff00000088"}[39m
[35m[HTTP][39m [37m<-- POST /wd/hub/session/572aad82-0c12-4979-8a85-08b25b32a279/element/00000000-0000-0019-ffff-ffff00000088/clear [39m[32m200[39m [90m64 ms - 14[39m
[35m[HTTP][39m [90m[39m
[35m[HTTP][39m [37m-->[39m [37mPOST[39m [37m/wd/hub/session/572aad82-0c12-4979-8a85-08b25b32a279/element/00000000-0000-0019-ffff-ffff00000088/click[39m
[35m[HTTP][39m [90m{"id":"00000000-0000-0019-ffff-ffff00000088"}[39m
[35m[HTTP][39m [37m<-- POST /wd/hub/session/572aad82-0c12-4979-8a85-08b25b32a279/element/00000000-0000-0019-ffff-ffff00000088/click [39m[32m200[39m [90m1384 ms - 14[39m
[35m[HTTP][39m [90m[39m
[35m[HTTP][39m [37m-->[39m [37mPOST[39m [37m/wd/hub/session/572aad82-0c12-4979-8a85-08b25b32a279/element/00000000-0000-0019-ffff-ffff00000088/value[39m
[35m[HTTP][39m [90m{"id":"00000000-0000-0019-ffff-ffff00000088","text":"1","value":["1"]}[39m
[35m[HTTP][39m [37m<-- POST /wd/hub/session/572aad82-0c12-4979-8a85-08b25b32a279/element/00000000-0000-0019-ffff-ffff00000088/value [39m[32m200[39m [90m173 ms - 14[39m
[35m[HTTP][39m [90m[39m
[35m[HTTP][39m [37m-->[39m [37mGET[39m [37m/wd/hub/session/572aad82-0c12-4979-8a85-08b25b32a279/source[39m
[35m[HTTP][39m [90m{}[39m
[35m[W3C (572aad82)][39m Driver proxy active, passing request on via HTTP proxy
[35m[WD Proxy][39m Replacing sessionId d6ca294e-368e-486a-a98c-8a17d5cf51b3 with 572aad82-0c12-4979-8a85-08b25b32a279
[35m[HTTP][39m [37m<-- GET /wd/hub/session/572aad82-0c12-4979-8a85-08b25b32a279/source [39m[32m200[39m [90m435 ms - 12816[39m
[35m[HTTP][39m [90m[39m
[35m[HTTP][39m [37m-->[39m [37mGET[39m [37m/wd/hub/session/572aad82-0c12-4979-8a85-08b25b32a279/screenshot[39m
[35m[HTTP][39m [90m{}[39m
[35m[HTTP][39m [37m<-- GET /wd/hub/session/572aad82-0c12-4979-8a85-08b25b32a279/screenshot [39m[32m200[39m [90m814 ms - 349042[39m
[35m[HTTP][39m [90m[39m
[35m[HTTP][39m [37m-->[39m [37mPOST[39m [37m/wd/hub/session/572aad82-0c12-4979-8a85-08b25b32a279/elements[39m
[35m[HTTP][39m [90m{"using":"xpath","value":"//*[@class = 'android.view.View' and (@text = '' or . = '')]"}[39m
[35m[HTTP][39m [37m<-- POST /wd/hub/session/572aad82-0c12-4979-8a85-08b25b32a279/elements [39m[32m200[39m [90m398 ms - 139[39m
[35m[HTTP][39m [90m[39m
[35m[HTTP][39m [37m-->[39m [37mGET[39m [37m/wd/hub/session/572aad82-0c12-4979-8a85-08b25b32a279/window/rect[39m
[35m[HTTP][39m [90m{}[39m
[35m[HTTP][39m [37m<-- GET /wd/hub/session/572aad82-0c12-4979-8a85-08b25b32a279/window/rect [39m[32m200[39m [90m35 ms - 49[39m
[35m[HTTP][39m [90m[39m
[35m[HTTP][39m [37m-->[39m [37mPOST[39m [37m/wd/hub/session/572aad82-0c12-4979-8a85-08b25b32a279/elements[39m
[35m[HTTP][39m [90m{"using":"xpath","value":"//*[@class = 'android.view.View' and (@text = '' or . = '')]"}[39m
[35m[HTTP][39m [37m<-- POST /wd/hub/session/572aad82-0c12-4979-8a85-08b25b32a279/elements [39m[32m200[39m [90m519 ms - 139[39m
[35m[HTTP][39m [90m[39m
[35m[HTTP][39m [37m-->[39m [37mGET[39m [37m/wd/hub/session/572aad82-0c12-4979-8a85-08b25b32a279/element/00000000-0000-0019-ffff-ffff0000008a/location[39m
[35m[HTTP][39m [90m{}[39m
[35m[W3C (572aad82)][39m Driver proxy active, passing request on via HTTP proxy
[35m[WD Proxy][39m Replacing sessionId d6ca294e-368e-486a-a98c-8a17d5cf51b3 with 572aad82-0c12-4979-8a85-08b25b32a279
[35m[HTTP][39m [37m<-- GET /wd/hub/session/572aad82-0c12-4979-8a85-08b25b32a279/element/00000000-0000-0019-ffff-ffff0000008a/location [39m[32m200[39m [90m51 ms - 78[39m
[35m[HTTP][39m [90m[39m
[35m[HTTP][39m [37m-->[39m [37mPOST[39m [37m/wd/hub/session/572aad82-0c12-4979-8a85-08b25b32a279/element/00000000-0000-0019-ffff-ffff0000008a/click[39m
[35m[HTTP][39m [90m{"id":"00000000-0000-0019-ffff-ffff0000008a"}[39m
[35m[HTTP][39m [37m<-- POST /wd/hub/session/572aad82-0c12-4979-8a85-08b25b32a279/element/00000000-0000-0019-ffff-ffff0000008a/click [39m[32m200[39m [90m76 ms - 14[39m
[35m[HTTP][39m [90m[39m
[35m[HTTP][39m [37m-->[39m [37mGET[39m [37m/wd/hub/session/572aad82-0c12-4979-8a85-08b25b32a279/source[39m
[35m[HTTP][39m [90m{}[39m
[35m[W3C (572aad82)][39m Driver proxy active, passing request on via HTTP proxy
[35m[WD Proxy][39m Replacing sessionId d6ca294e-368e-486a-a98c-8a17d5cf51b3 with 572aad82-0c12-4979-8a85-08b25b32a279
[35m[HTTP][39m [37m<-- GET /wd/hub/session/572aad82-0c12-4979-8a85-08b25b32a279/source [39m[32m200[39m [90m987 ms - 12361[39m
[35m[HTTP][39m [90m[39m
[35m[HTTP][39m [37m-->[39m [37mGET[39m [37m/wd/hub/session/572aad82-0c12-4979-8a85-08b25b32a279/screenshot[39m
[35m[HTTP][39m [90m{}[39m
[35m[HTTP][39m [37m<-- GET /wd/hub/session/572aad82-0c12-4979-8a85-08b25b32a279/screenshot [39m[32m200[39m [90m769 ms - 201692[39m
[35m[HTTP][39m [90m[39m
[35m[HTTP][39m [37m-->[39m [37mDELETE[39m [37m/wd/hub/session/572aad82-0c12-4979-8a85-08b25b32a279[39m
[35m[HTTP][39m [90m{}[39m
[35m[Appium][39m Removing session 572aad82-0c12-4979-8a85-08b25b32a279 from our master session list
[35m[UiAutomator2][39m Restoring hidden api policy to the device default configuration
[35m[HTTP][39m [37m<-- DELETE /wd/hub/session/572aad82-0c12-4979-8a85-08b25b32a279 [39m[32m200[39m [90m650 ms - 14[39m
[35m[HTTP][39m [90m[39m
